[0.017s] Invoking command in '/home/ubuntu/Desktop/MC_ws/build/impedance_control': CMAKE_PREFIX_PATH=${CMAKE_PREFIX_PATH}:/home/ubuntu/Desktop/MC_ws/install/Visualize:/opt/ros/humble /usr/bin/cmake --build /home/ubuntu/Desktop/MC_ws/build/impedance_control -- -j8 -l8
[0.049s] [35m[1mConsolidate compiler generated dependencies of target impedance_control_node[0m
[0.064s] [ 50%] [32mBuilding CXX object CMakeFiles/impedance_control_node.dir/src/impedance_control_node.cpp.o[0m
[1.885s] [01m[K/home/ubuntu/Desktop/MC_ws/src/Control/Impedance_controller/src/impedance_control_node.cpp:[m[K In member function â€˜[01m[Kvoid ImpedanceController::velocityCallback(int, std_msgs::msg::Float32_<std::allocator<void> >::SharedPtr)[m[Kâ€™:
[1.885s] [01m[K/home/ubuntu/Desktop/MC_ws/src/Control/Impedance_controller/src/impedance_control_node.cpp:334:79:[m[K [01;31m[Kerror: [m[Kâ€˜[01m[Kq_ddot_current[m[Kâ€™ was not declared in this scope
[1.885s]   334 |                     node->q_ddot_current = alpha * q_ddot_raw + (1 - alpha) * [01;31m[Kq_ddot_current[m[K;
[1.885s]       |                                                                               [01;31m[K^~~~~~~~~~~~~~[m[K
[3.803s] gmake[2]: *** [CMakeFiles/impedance_control_node.dir/build.make:76: CMakeFiles/impedance_control_node.dir/src/impedance_control_node.cpp.o] Error 1
[3.803s] gmake[1]: *** [CMakeFiles/Makefile2:137: CMakeFiles/impedance_control_node.dir/all] Error 2
[3.803s] gmake: *** [Makefile:146: all] Error 2
[3.804s] Invoked command in '/home/ubuntu/Desktop/MC_ws/build/impedance_control' returned '2': CMAKE_PREFIX_PATH=${CMAKE_PREFIX_PATH}:/home/ubuntu/Desktop/MC_ws/install/Visualize:/opt/ros/humble /usr/bin/cmake --build /home/ubuntu/Desktop/MC_ws/build/impedance_control -- -j8 -l8
