In file included from [01m[K/opt/ros/humble/include/rclcpp/rclcpp/logging.hpp:24[m[K,
                 from [01m[K/opt/ros/humble/include/rclcpp/rclcpp/client.hpp:40[m[K,
                 from [01m[K/opt/ros/humble/include/rclcpp/rclcpp/callback_group.hpp:24[m[K,
                 from [01m[K/opt/ros/humble/include/rclcpp/rclcpp/any_executable.hpp:20[m[K,
                 from [01m[K/opt/ros/humble/include/rclcpp/rclcpp/memory_strategy.hpp:25[m[K,
                 from [01m[K/opt/ros/humble/include/rclcpp/rclcpp/memory_strategies.hpp:18[m[K,
                 from [01m[K/opt/ros/humble/include/rclcpp/rclcpp/executor_options.hpp:20[m[K,
                 from [01m[K/opt/ros/humble/include/rclcpp/rclcpp/executor.hpp:37[m[K,
                 from [01m[K/opt/ros/humble/include/rclcpp/rclcpp/executors/multi_threaded_executor.hpp:25[m[K,
                 from [01m[K/opt/ros/humble/include/rclcpp/rclcpp/executors.hpp:21[m[K,
                 from [01m[K/opt/ros/humble/include/rclcpp/rclcpp/rclcpp.hpp:155[m[K,
                 from [01m[K/home/ubuntu/Desktop/MC_ws/src/Control/Impedance_controller/src/impedance_control_node.cpp:1[m[K:
[01m[K/home/ubuntu/Desktop/MC_ws/src/Control/Impedance_controller/src/impedance_control_node.cpp:[m[K In constructor â€˜[01m[KImpedanceController::ImpedanceController()[m[Kâ€™:
[01m[K/home/ubuntu/Desktop/MC_ws/src/Control/Impedance_controller/src/impedance_control_node.cpp:87:27:[m[K [01;31m[Kerror: [m[Kâ€˜[01m[KKD_1[m[Kâ€™ was not declared in this scope; did you mean â€˜[01m[KKd_1[m[Kâ€™?
   87 |                     Kp_1, [01;31m[KKD_1[m[K, M_1, TORQUE_LIMIT_1);
      |                           [01;31m[K^~~~[m[K
gmake[2]: *** [CMakeFiles/impedance_control_node.dir/build.make:76: CMakeFiles/impedance_control_node.dir/src/impedance_control_node.cpp.o] Error 1
gmake[1]: *** [CMakeFiles/Makefile2:137: CMakeFiles/impedance_control_node.dir/all] Error 2
gmake: *** [Makefile:146: all] Error 2
