[0.441s] Invoking command in '/home/ubuntu/Desktop/MC_ws/build/impedance_control': CMAKE_PREFIX_PATH=${CMAKE_PREFIX_PATH}:/home/ubuntu/Desktop/MC_ws/install/Visualize:/opt/ros/humble /usr/bin/cmake --build /home/ubuntu/Desktop/MC_ws/build/impedance_control -- -j8 -l8
[0.725s] [35m[1mConsolidate compiler generated dependencies of target impedance_control_node[0m
[0.725s] [ 50%] [32mBuilding CXX object CMakeFiles/impedance_control_node.dir/src/impedance_control_node.cpp.o[0m
[2.728s] In file included from [01m[K/opt/ros/humble/include/rclcpp/rclcpp/logging.hpp:24[m[K,
[2.728s]                  from [01m[K/opt/ros/humble/include/rclcpp/rclcpp/client.hpp:40[m[K,
[2.728s]                  from [01m[K/opt/ros/humble/include/rclcpp/rclcpp/callback_group.hpp:24[m[K,
[2.728s]                  from [01m[K/opt/ros/humble/include/rclcpp/rclcpp/any_executable.hpp:20[m[K,
[2.728s]                  from [01m[K/opt/ros/humble/include/rclcpp/rclcpp/memory_strategy.hpp:25[m[K,
[2.728s]                  from [01m[K/opt/ros/humble/include/rclcpp/rclcpp/memory_strategies.hpp:18[m[K,
[2.728s]                  from [01m[K/opt/ros/humble/include/rclcpp/rclcpp/executor_options.hpp:20[m[K,
[2.728s]                  from [01m[K/opt/ros/humble/include/rclcpp/rclcpp/executor.hpp:37[m[K,
[2.728s]                  from [01m[K/opt/ros/humble/include/rclcpp/rclcpp/executors/multi_threaded_executor.hpp:25[m[K,
[2.728s]                  from [01m[K/opt/ros/humble/include/rclcpp/rclcpp/executors.hpp:21[m[K,
[2.728s]                  from [01m[K/opt/ros/humble/include/rclcpp/rclcpp/rclcpp.hpp:155[m[K,
[2.728s]                  from [01m[K/home/ubuntu/Desktop/MC_ws/src/Control/Impedance_controller/src/impedance_control_node.cpp:1[m[K:
[2.728s] [01m[K/home/ubuntu/Desktop/MC_ws/src/Control/Impedance_controller/src/impedance_control_node.cpp:[m[K In constructor â€˜[01m[KImpedanceController::ImpedanceController()[m[Kâ€™:
[2.728s] [01m[K/home/ubuntu/Desktop/MC_ws/src/Control/Impedance_controller/src/impedance_control_node.cpp:87:27:[m[K [01;31m[Kerror: [m[Kâ€˜[01m[KKD_1[m[Kâ€™ was not declared in this scope; did you mean â€˜[01m[KKd_1[m[Kâ€™?
[2.729s]    87 |                     Kp_1, [01;31m[KKD_1[m[K, M_1, TORQUE_LIMIT_1);
[2.729s]       |                           [01;31m[K^~~~[m[K
[4.487s] gmake[2]: *** [CMakeFiles/impedance_control_node.dir/build.make:76: CMakeFiles/impedance_control_node.dir/src/impedance_control_node.cpp.o] Error 1
[4.487s] gmake[1]: *** [CMakeFiles/Makefile2:137: CMakeFiles/impedance_control_node.dir/all] Error 2
[4.487s] gmake: *** [Makefile:146: all] Error 2
[4.489s] Invoked command in '/home/ubuntu/Desktop/MC_ws/build/impedance_control' returned '2': CMAKE_PREFIX_PATH=${CMAKE_PREFIX_PATH}:/home/ubuntu/Desktop/MC_ws/install/Visualize:/opt/ros/humble /usr/bin/cmake --build /home/ubuntu/Desktop/MC_ws/build/impedance_control -- -j8 -l8
