[0.011s] Invoking command in '/home/ubuntu/Desktop/MC_ws/build/odrive_can_control': CMAKE_PREFIX_PATH=${CMAKE_PREFIX_PATH}:/home/ubuntu/Desktop/MC_ws/install/Visualize:/opt/ros/humble /usr/bin/cmake --build /home/ubuntu/Desktop/MC_ws/build/odrive_can_control -- -j8 -l8
[0.051s] [35m[1mConsolidate compiler generated dependencies of target odrive_initializer[0m
[0.067s] [ 20%] Built target read_param
[0.072s] [ 80%] Built target velocity_controller
[0.073s] [ 80%] Built target impedance_multi_control
[0.073s] [ 80%] Built target odrive_can_node
[0.073s] [ 90%] [32mBuilding CXX object CMakeFiles/odrive_initializer.dir/src/odrive_initializer.cpp.o[0m
[2.129s] [01m[K/home/ubuntu/Desktop/MC_ws/src/odrive_can_control/src/odrive_initializer.cpp:221:2:[m[K [01;31m[Kerror: [m[Kexpected â€˜[01m[K}[m[Kâ€™ at end of input
[2.129s]   221 | }
[2.129s]       |  [01;31m[K^[m[K
[2.129s] [01m[K/home/ubuntu/Desktop/MC_ws/src/odrive_can_control/src/odrive_initializer.cpp:11:47:[m[K [01;36m[Knote: [m[Kto match this â€˜[01m[K{[m[Kâ€™
[2.129s]    11 | class ODriveInitializer : public rclcpp::Node [01;36m[K{[m[K
[2.129s]       |                                               [01;36m[K^[m[K
[2.139s] [01m[K/home/ubuntu/Desktop/MC_ws/src/odrive_can_control/src/odrive_initializer.cpp:[m[K In constructor â€˜[01m[KODriveInitializer::ODriveInitializer()[m[Kâ€™:
[2.139s] [01m[K/home/ubuntu/Desktop/MC_ws/src/odrive_can_control/src/odrive_initializer.cpp:23:9:[m[K [01;31m[Kerror: [m[Kâ€˜[01m[Ksock_[m[Kâ€™ was not declared in this scope; did you mean â€˜[01m[Ksocket[m[Kâ€™?
[2.139s]    23 |         [01;31m[Ksock_[m[K = socket(PF_CAN, SOCK_RAW, CAN_RAW);
[2.139s]       |         [01;31m[K^~~~~[m[K
[2.139s]       |         [32m[Ksocket[m[K
[2.146s] [01m[K/home/ubuntu/Desktop/MC_ws/src/odrive_can_control/src/odrive_initializer.cpp:[m[K In destructor â€˜[01m[Kvirtual ODriveInitializer::~ODriveInitializer()[m[Kâ€™:
[2.147s] [01m[K/home/ubuntu/Desktop/MC_ws/src/odrive_can_control/src/odrive_initializer.cpp:57:13:[m[K [01;31m[Kerror: [m[Kâ€˜[01m[Ksock_[m[Kâ€™ was not declared in this scope; did you mean â€˜[01m[Ksocket[m[Kâ€™?
[2.147s]    57 |         if ([01;31m[Ksock_[m[K >= 0) {
[2.147s]       |             [01;31m[K^~~~~[m[K
[2.147s]       |             [32m[Ksocket[m[K
[2.156s] [01m[K/home/ubuntu/Desktop/MC_ws/src/odrive_can_control/src/odrive_initializer.cpp:[m[K In member function â€˜[01m[Kvoid ODriveInitializer::initialize_odrive(int, const string&)[m[Kâ€™:
[2.156s] [01m[K/home/ubuntu/Desktop/MC_ws/src/odrive_can_control/src/odrive_initializer.cpp:67:13:[m[K [01;31m[Kerror: [m[Kâ€˜[01m[Ksend_can_frame[m[Kâ€™ was not declared in this scope; did you mean â€˜[01m[Kcan_frame[m[Kâ€™?
[2.156s]    67 |         if ([01;31m[Ksend_can_frame[m[K(node_id, 0x07, {0x01, 0x00, 0x00, 0x00, 0x00, 0x00, 0x00, 0x00}) < 0) {
[2.156s]       |             [01;31m[K^~~~~~~~~~~~~~[m[K
[2.156s]       |             [32m[Kcan_frame[m[K
[2.164s] [01m[K/home/ubuntu/Desktop/MC_ws/src/odrive_can_control/src/odrive_initializer.cpp:75:13:[m[K [01;31m[Kerror: [m[Kâ€˜[01m[Ksend_can_frame[m[Kâ€™ was not declared in this scope; did you mean â€˜[01m[Kcan_frame[m[Kâ€™?
[2.164s]    75 |         if ([01;31m[Ksend_can_frame[m[K(node_id, 0x0B, {0x03, 0x00, 0x00, 0x00, 0x05, 0x00, 0x00, 0x00}) < 0) {
[2.164s]       |             [01;31m[K^~~~~~~~~~~~~~[m[K
[2.164s]       |             [32m[Kcan_frame[m[K
[2.173s] [01m[K/home/ubuntu/Desktop/MC_ws/src/odrive_can_control/src/odrive_initializer.cpp:83:30:[m[K [01;31m[Kerror: [m[Kâ€˜[01m[Kget_pos_estimate[m[Kâ€™ was not declared in this scope; did you mean â€˜[01m[Kpos_estimate[m[Kâ€™?
[2.173s]    83 |         float pos_estimate = [01;31m[Kget_pos_estimate[m[K(node_id);
[2.173s]       |                              [01;31m[K^~~~~~~~~~~~~~~~[m[K
[2.173s]       |                              [32m[Kpos_estimate[m[K
[2.181s] [01m[K/home/ubuntu/Desktop/MC_ws/src/odrive_can_control/src/odrive_initializer.cpp:97:13:[m[K [01;31m[Kerror: [m[Kâ€˜[01m[Ksend_can_frame[m[Kâ€™ was not declared in this scope; did you mean â€˜[01m[Kcan_frame[m[Kâ€™?
[2.181s]    97 |         if ([01;31m[Ksend_can_frame[m[K(node_id, 0x0C, {setpoint_bytes[0], setpoint_bytes[1],
[2.181s]       |             [01;31m[K^~~~~~~~~~~~~~[m[K
[2.181s]       |             [32m[Kcan_frame[m[K
[2.191s] [01m[K/home/ubuntu/Desktop/MC_ws/src/odrive_can_control/src/odrive_initializer.cpp:107:13:[m[K [01;31m[Kerror: [m[Kâ€˜[01m[Ksend_can_frame[m[Kâ€™ was not declared in this scope; did you mean â€˜[01m[Kcan_frame[m[Kâ€™?
[2.191s]   107 |         if ([01;31m[Ksend_can_frame[m[K(node_id, 0x07, {0x08, 0x00, 0x00, 0x00, 0x00, 0x00, 0x00, 0x00}) < 0) {
[2.191s]       |             [01;31m[K^~~~~~~~~~~~~~[m[K
[2.191s]       |             [32m[Kcan_frame[m[K
[2.199s] [01m[K/home/ubuntu/Desktop/MC_ws/src/odrive_can_control/src/odrive_initializer.cpp:123:17:[m[K [01;31m[Kerror: [m[Kâ€˜[01m[Ksend_can_frame[m[Kâ€™ was not declared in this scope; did you mean â€˜[01m[Kcan_frame[m[Kâ€™?
[2.199s]   123 |             if ([01;31m[Ksend_can_frame[m[K(node_id, 0x0C, {setpoint_bytes[0], setpoint_bytes[1],
[2.199s]       |                 [01;31m[K^~~~~~~~~~~~~~[m[K
[2.199s]       |                 [32m[Kcan_frame[m[K
[2.209s] [01m[K/home/ubuntu/Desktop/MC_ws/src/odrive_can_control/src/odrive_initializer.cpp:145:17:[m[K [01;31m[Kerror: [m[Kâ€˜[01m[Ksend_can_frame[m[Kâ€™ was not declared in this scope; did you mean â€˜[01m[Kcan_frame[m[Kâ€™?
[2.209s]   145 |             if ([01;31m[Ksend_can_frame[m[K(node_id, 0x07, {0x01, 0x00, 0x00, 0x00, 0x00, 0x00, 0x00, 0x00}) < 0) {
[2.209s]       |                 [01;31m[K^~~~~~~~~~~~~~[m[K
[2.209s]       |                 [32m[Kcan_frame[m[K
[2.217s] [01m[K/home/ubuntu/Desktop/MC_ws/src/odrive_can_control/src/odrive_initializer.cpp:152:17:[m[K [01;31m[Kerror: [m[Kâ€˜[01m[Ksend_can_frame[m[Kâ€™ was not declared in this scope; did you mean â€˜[01m[Kcan_frame[m[Kâ€™?
[2.217s]   152 |             if ([01;31m[Ksend_can_frame[m[K(node_id, 0x0B, {0x01, 0x00, 0x00, 0x00, 0x01, 0x00, 0x00, 0x00}) < 0) {
[2.217s]       |                 [01;31m[K^~~~~~~~~~~~~~[m[K
[2.217s]       |                 [32m[Kcan_frame[m[K
[2.226s] [01m[K/home/ubuntu/Desktop/MC_ws/src/odrive_can_control/src/odrive_initializer.cpp:159:17:[m[K [01;31m[Kerror: [m[Kâ€˜[01m[Ksend_can_frame[m[Kâ€™ was not declared in this scope; did you mean â€˜[01m[Kcan_frame[m[Kâ€™?
[2.226s]   159 |             if ([01;31m[Ksend_can_frame[m[K(node_id, 0x07, {0x08, 0x00, 0x00, 0x00, 0x00, 0x00, 0x00, 0x00}) < 0) {
[2.226s]       |                 [01;31m[K^~~~~~~~~~~~~~[m[K
[2.226s]       |                 [32m[Kcan_frame[m[K
[2.226s] [01m[K/home/ubuntu/Desktop/MC_ws/src/odrive_can_control/src/odrive_initializer.cpp:170:90:[m[K [01;31m[Kerror: [m[Ka function-definition is not allowed here before â€˜[01m[K{[m[Kâ€™ token
[2.226s]   170 |     int send_can_frame(int node_id, uint8_t cmd_id, std::initializer_list<uint8_t> data) [01;31m[K{[m[K
[2.226s]       |                                                                                          [01;31m[K^[m[K
[2.226s] [01m[K/home/ubuntu/Desktop/MC_ws/src/odrive_can_control/src/odrive_initializer.cpp:191:41:[m[K [01;31m[Kerror: [m[Ka function-definition is not allowed here before â€˜[01m[K{[m[Kâ€™ token
[2.226s]   191 |     float get_pos_estimate(int node_id) [01;31m[K{[m[K
[2.227s]       |                                         [01;31m[K^[m[K
[2.232s] [01m[K/home/ubuntu/Desktop/MC_ws/src/odrive_can_control/src/odrive_initializer.cpp:[m[K At global scope:
[2.232s] [01m[K/home/ubuntu/Desktop/MC_ws/src/odrive_can_control/src/odrive_initializer.cpp:221:2:[m[K [01;31m[Kerror: [m[Kexpected unqualified-id at end of input
[2.232s]   221 | }
[2.232s]       |  [01;31m[K^[m[K
[2.610s] gmake[2]: *** [CMakeFiles/odrive_initializer.dir/build.make:76: CMakeFiles/odrive_initializer.dir/src/odrive_initializer.cpp.o] Error 1
[2.611s] gmake[1]: *** [CMakeFiles/Makefile2:171: CMakeFiles/odrive_initializer.dir/all] Error 2
[2.611s] gmake: *** [Makefile:146: all] Error 2
[2.613s] Invoked command in '/home/ubuntu/Desktop/MC_ws/build/odrive_can_control' returned '2': CMAKE_PREFIX_PATH=${CMAKE_PREFIX_PATH}:/home/ubuntu/Desktop/MC_ws/install/Visualize:/opt/ros/humble /usr/bin/cmake --build /home/ubuntu/Desktop/MC_ws/build/odrive_can_control -- -j8 -l8
