[35m[1mConsolidate compiler generated dependencies of target odrive_initializer[0m
[ 20%] Built target odrive_can_node
[ 30%] [32mBuilding CXX object CMakeFiles/odrive_initializer.dir/src/odrive_initializer.cpp.o[0m
[ 50%] Built target velocity_controller
[ 70%] Built target impedance_multi_control
[ 90%] Built target read_param
[01m[K/home/ubuntu/Desktop/MC_ws/src/odrive_can_control/src/odrive_initializer.cpp:[m[K In member function â€˜[01m[Kvoid ODriveInitializer::initialize_odrive(int, const string&)[m[Kâ€™:
[01m[K/home/ubuntu/Desktop/MC_ws/src/odrive_can_control/src/odrive_initializer.cpp:111:70:[m[K [01;31m[Kerror: [m[Kâ€˜[01m[KÛŒÙ…Øª[m[Kâ€™ was not declared in this scope
  111 |                                            0x00, 0x00, 0x00, 0x00}) <[01;31m[KÛŒÙ…Øª[m[K
      |                                                                      [01;31m[K^~~[m[K
[01m[K/home/ubuntu/Desktop/MC_ws/src/odrive_can_control/src/odrive_initializer.cpp:113:2:[m[K [01;31m[Kerror: [m[Kexpected â€˜[01m[K)[m[Kâ€™ before numeric constant
  113 |  [01;31m[K0[m[K) {
      |  [01;31m[K^[m[K
[01m[K/home/ubuntu/Desktop/MC_ws/src/odrive_can_control/src/odrive_initializer.cpp:109:12:[m[K [01;36m[Knote: [m[Kto match this â€˜[01m[K([m[Kâ€™
  109 |         if [01;36m[K([m[Ksend_can_frame(node_id, 0x0C, {initial_setpoint_bytes[0], initial_setpoint_bytes[1],
      |            [01;36m[K^[m[K
gmake[2]: *** [CMakeFiles/odrive_initializer.dir/build.make:76: CMakeFiles/odrive_initializer.dir/src/odrive_initializer.cpp.o] Error 1
gmake[1]: *** [CMakeFiles/Makefile2:171: CMakeFiles/odrive_initializer.dir/all] Error 2
gmake: *** [Makefile:146: all] Error 2
